Determining if the pthread_create exist failed with the following output:
Change Dir: /home/sniperbob/joint_cont/cpptopython/build/CMakeFiles/CMakeTmp

Run Build Command:"/usr/bin/make" "cmTC_c8aed/fast"
/usr/bin/make -f CMakeFiles/cmTC_c8aed.dir/build.make CMakeFiles/cmTC_c8aed.dir/build
make[1]: Entering directory '/home/sniperbob/joint_cont/cpptopython/build/CMakeFiles/CMakeTmp'
Building C object CMakeFiles/cmTC_c8aed.dir/CheckSymbolExists.c.o
/usr/bin/cc     -o CMakeFiles/cmTC_c8aed.dir/CheckSymbolExists.c.o   -c /home/sniperbob/joint_cont/cpptopython/build/CMakeFiles/CMakeTmp/CheckSymbolExists.c
Linking C executable cmTC_c8aed
/usr/bin/cmake -E cmake_link_script CMakeFiles/cmTC_c8aed.dir/link.txt --verbose=1
/usr/bin/cc       CMakeFiles/cmTC_c8aed.dir/CheckSymbolExists.c.o  -o cmTC_c8aed -rdynamic 
CMakeFiles/cmTC_c8aed.dir/CheckSymbolExists.c.o: In function `main':
CheckSymbolExists.c:(.text+0x16): undefined reference to `pthread_create'
collect2: error: ld returned 1 exit status
CMakeFiles/cmTC_c8aed.dir/build.make:97: recipe for target 'cmTC_c8aed' failed
make[1]: *** [cmTC_c8aed] Error 1
make[1]: Leaving directory '/home/sniperbob/joint_cont/cpptopython/build/CMakeFiles/CMakeTmp'
Makefile:126: recipe for target 'cmTC_c8aed/fast' failed
make: *** [cmTC_c8aed/fast] Error 2

File /home/sniperbob/joint_cont/cpptopython/build/CMakeFiles/CMakeTmp/CheckSymbolExists.c:
/* */
#include <pthread.h>

int main(int argc, char** argv)
{
  (void)argv;
#ifndef pthread_create
  return ((int*)(&pthread_create))[argc];
#else
  (void)argc;
  return 0;
#endif
}

Determining if the function pthread_create exists in the pthreads failed with the following output:
Change Dir: /home/sniperbob/joint_cont/cpptopython/build/CMakeFiles/CMakeTmp

Run Build Command:"/usr/bin/make" "cmTC_d44de/fast"
/usr/bin/make -f CMakeFiles/cmTC_d44de.dir/build.make CMakeFiles/cmTC_d44de.dir/build
make[1]: Entering directory '/home/sniperbob/joint_cont/cpptopython/build/CMakeFiles/CMakeTmp'
Building C object CMakeFiles/cmTC_d44de.dir/CheckFunctionExists.c.o
/usr/bin/cc    -DCHECK_FUNCTION_EXISTS=pthread_create   -o CMakeFiles/cmTC_d44de.dir/CheckFunctionExists.c.o   -c /usr/share/cmake-3.5/Modules/CheckFunctionExists.c
Linking C executable cmTC_d44de
/usr/bin/cmake -E cmake_link_script CMakeFiles/cmTC_d44de.dir/link.txt --verbose=1
/usr/bin/cc   -DCHECK_FUNCTION_EXISTS=pthread_create    CMakeFiles/cmTC_d44de.dir/CheckFunctionExists.c.o  -o cmTC_d44de -rdynamic -lpthreads 
/usr/bin/ld: cannot find -lpthreads
collect2: error: ld returned 1 exit status
CMakeFiles/cmTC_d44de.dir/build.make:97: recipe for target 'cmTC_d44de' failed
make[1]: *** [cmTC_d44de] Error 1
make[1]: Leaving directory '/home/sniperbob/joint_cont/cpptopython/build/CMakeFiles/CMakeTmp'
Makefile:126: recipe for target 'cmTC_d44de/fast' failed
make: *** [cmTC_d44de/fast] Error 2


